<?xml version="1.0" encoding="UTF-8"?>
<!-- Generated by org.testng.reporters.JUnitReportReporter -->
<testsuite skipped="0" hostname="DESKTOP-G4RQ9IE" name="DatebaseConnection.ConnectTOMySql" tests="1" failures="0" timestamp="2021-11-13T13:14:30 IST" time="0.586" errors="0">
  <testcase name="TestDB" time="0.586" classname="DatebaseConnection.ConnectTOMySql"/>
  <system-out/>
</testsuite> <!-- DatebaseConnection.ConnectTOMySql -->
